app/build/outputs/logs/manifest-merger-debug-report.txt
-- Merging decision tree log ---
manifest
ADDED from src/main/AndroidManifest.xml:2:1-33:12
	xmlns:android
		ADDED from src/main/AndroidManifest.xml:2:11-69
	package
		ADDED from src/main/AndroidManifest.xml:3:5-25
		INJECTED from src/main/AndroidManifest.xml
		INJECTED from src/main/AndroidManifest.xml
	android:versionName
		INJECTED from src/main/AndroidManifest.xml
		INJECTED from src/main/AndroidManifest.xml
	android:versionCode
		INJECTED from src/main/AndroidManifest.xml
		INJECTED from src/main/AndroidManifest.xml
application
ADDED from src/main/AndroidManifest.xml:5:5-31:19
MERGED from [com.android.support:appcompat-v7:23.0.1] AndroidManifest.xml:22:5-20
MERGED from [com.android.support:support-v4:23.0.1] AndroidManifest.xml:22:5-20
	android:label
		ADDED from src/main/AndroidManifest.xml:8:9-41
	android:allowBackup
		ADDED from src/main/AndroidManifest.xml:6:9-35
	android:icon
		ADDED from src/main/AndroidManifest.xml:7:9-43
	android:theme
		ADDED from src/main/AndroidManifest.xml:9:9-40
activity#karan.temp.MainActivity
ADDED from src/main/AndroidManifest.xml:10:9-17:20
	android:label
		ADDED from src/main/AndroidManifest.xml:12:13-45
	android:name
		ADDED from src/main/AndroidManifest.xml:11:13-41
intent-filter#android.intent.category.LAUNCHER
ADDED from src/main/AndroidManifest.xml:13:13-16:29
category#android.intent.category.LAUNCHER
ADDED from src/main/AndroidManifest.xml:15:17-77
	android:name
		ADDED from src/main/AndroidManifest.xml:15:27-74
receiver#karan.temp.NewAppWidget
ADDED from src/main/AndroidManifest.xml:19:9-27:20
	android:name
		ADDED from src/main/AndroidManifest.xml:19:19-47
intent-filter#android.appwidget.action.APPWIDGET_UPDATE
ADDED from src/main/AndroidManifest.xml:20:13-22:29
action#android.appwidget.action.APPWIDGET_UPDATE
ADDED from src/main/AndroidManifest.xml:21:17-84
	android:name
		ADDED from src/main/AndroidManifest.xml:21:25-81
meta-data#android.appwidget.provider
ADDED from src/main/AndroidManifest.xml:24:13-26:63
	android:resource
		ADDED from src/main/AndroidManifest.xml:26:17-60
	android:name
		ADDED from src/main/AndroidManifest.xml:25:17-58
service#karan.temp.WidgetService
ADDED from src/main/AndroidManifest.xml:28:9-29:72
	android:permission
		ADDED from src/main/AndroidManifest.xml:29:13-69
	android:name
		ADDED from src/main/AndroidManifest.xml:28:18-46
uses-sdk
INJECTED from src/main/AndroidManifest.xml reason: use-sdk injection requested
MERGED from [com.android.support:appcompat-v7:23.0.1] AndroidManifest.xml:20:5-43
MERGED from [com.android.support:support-v4:23.0.1] AndroidManifest.xml:20:5-43
	android:targetSdkVersion
		INJECTED from src/main/AndroidManifest.xml
		INJECTED from src/main/AndroidManifest.xml
	android:minSdkVersion
		INJECTED from src/main/AndroidManifest.xml
		INJECTED from src/main/AndroidManifest.xml